<?xml version="1.0" encoding="UTF-8"?>
<!-- Generated by org.testng.reporters.JUnitReportReporter -->
<testsuite hostname="TA" failures="0" tests="1" name="runner.TestRunner" time="6.940" errors="0" timestamp="2023-06-19T17:59:49 IST" skipped="0">
  <testcase classname="runner.TestRunner" name="runScenario" time="6.940"/>
  <system-out/>
</testsuite> <!-- runner.TestRunner -->
