<?xml version="1.0" encoding="UTF-8"?>
<!-- Generated by org.testng.reporters.JUnitReportReporter -->
<testsuite hostname="TA" failures="0" tests="5" name="runner.TestRunner" time="15.473" errors="0" timestamp="2023-06-19T17:04:52 IST" skipped="0">
  <testcase classname="runner.TestRunner" name="runScenario" time="4.938"/>
  <system-out/>
  <testcase classname="runner.TestRunner" name="runScenario" time="0.000"/>
  <system-out/>
  <testcase classname="runner.TestRunner" name="runScenario" time="0.018"/>
  <system-out/>
  <testcase classname="runner.TestRunner" name="runScenario" time="4.119"/>
  <system-out/>
  <testcase classname="runner.TestRunner" name="runScenario" time="6.398"/>
  <system-out/>
</testsuite> <!-- runner.TestRunner -->
